<?xml version="1.0" encoding="UTF-8"?>
<testng-results skipped="0" failed="0" total="1" passed="1">
  <reporter-output>
  </reporter-output>
  <suite name="Surefire suite" duration-ms="117" started-at="2016-07-15T06:09:02Z" finished-at="2016-07-15T06:09:02Z">
    <groups>
    </groups>
    <test name="Surefire test" duration-ms="117" started-at="2016-07-15T06:09:02Z" finished-at="2016-07-15T06:09:02Z">
      <class name="model.BoardTest">
        <test-method status="PASS" signature="TestBoardState()[pri:0, instance:model.BoardTest@63d4e2ba]" name="TestBoardState" duration-ms="103" started-at="2016-07-15T08:09:02Z" finished-at="2016-07-15T08:09:02Z">
          <reporter-output>
          </reporter-output>
        </test-method> <!-- TestBoardState -->
      </class> <!-- model.BoardTest -->
    </test> <!-- Surefire test -->
  </suite> <!-- Surefire suite -->
</testng-results>
